2019-01-17 11:31:38	200	GET /join HTTP/1.1	Mozilla/5.0 (Macintosh; Intel Mac OS X 10_14_2) AppleWebKit/537.36 (KHTML, like Gecko) Chrome/71.0.3578.98 Safari/537.36	-	0:0:0:0:0:0:0:1	2192
2019-01-17 11:31:46	500	POST /join HTTP/1.1	Mozilla/5.0 (Macintosh; Intel Mac OS X 10_14_2) AppleWebKit/537.36 (KHTML, like Gecko) Chrome/71.0.3578.98 Safari/537.36	http://localhost:8080/join	0:0:0:0:0:0:0:1	10360
2019-01-17 11:35:47	200	GET /join HTTP/1.1	Mozilla/5.0 (Macintosh; Intel Mac OS X 10_14_2) AppleWebKit/537.36 (KHTML, like Gecko) Chrome/71.0.3578.98 Safari/537.36	-	0:0:0:0:0:0:0:1	2210
2019-01-17 11:35:53	500	POST /join HTTP/1.1	Mozilla/5.0 (Macintosh; Intel Mac OS X 10_14_2) AppleWebKit/537.36 (KHTML, like Gecko) Chrome/71.0.3578.98 Safari/537.36	http://localhost:8080/join	0:0:0:0:0:0:0:1	16948
2019-01-17 11:38:10	200	GET /join HTTP/1.1	Mozilla/5.0 (Macintosh; Intel Mac OS X 10_14_2) AppleWebKit/537.36 (KHTML, like Gecko) Chrome/71.0.3578.98 Safari/537.36	-	0:0:0:0:0:0:0:1	2210
2019-01-17 11:38:12	500	POST /join HTTP/1.1	Mozilla/5.0 (Macintosh; Intel Mac OS X 10_14_2) AppleWebKit/537.36 (KHTML, like Gecko) Chrome/71.0.3578.98 Safari/537.36	http://localhost:8080/join	0:0:0:0:0:0:0:1	16948
2019-01-17 11:41:59	200	GET /join HTTP/1.1	Mozilla/5.0 (Macintosh; Intel Mac OS X 10_14_2) AppleWebKit/537.36 (KHTML, like Gecko) Chrome/71.0.3578.98 Safari/537.36	-	0:0:0:0:0:0:0:1	2210
2019-01-17 11:41:59	200	GET /join HTTP/1.1	Mozilla/5.0 (Macintosh; Intel Mac OS X 10_14_2) AppleWebKit/537.36 (KHTML, like Gecko) Chrome/71.0.3578.98 Safari/537.36	-	0:0:0:0:0:0:0:1	2210
2019-01-17 11:42:02	500	POST /join HTTP/1.1	Mozilla/5.0 (Macintosh; Intel Mac OS X 10_14_2) AppleWebKit/537.36 (KHTML, like Gecko) Chrome/71.0.3578.98 Safari/537.36	http://localhost:8080/join	0:0:0:0:0:0:0:1	16948
2019-01-17 11:42:31	200	GET /join HTTP/1.1	Mozilla/5.0 (Macintosh; Intel Mac OS X 10_14_2) AppleWebKit/537.36 (KHTML, like Gecko) Chrome/71.0.3578.98 Safari/537.36	-	0:0:0:0:0:0:0:1	2210
2019-01-17 11:42:34	500	POST /join HTTP/1.1	Mozilla/5.0 (Macintosh; Intel Mac OS X 10_14_2) AppleWebKit/537.36 (KHTML, like Gecko) Chrome/71.0.3578.98 Safari/537.36	http://localhost:8080/join	0:0:0:0:0:0:0:1	16948
2019-01-17 11:43:23	200	GET /join HTTP/1.1	Mozilla/5.0 (Macintosh; Intel Mac OS X 10_14_2) AppleWebKit/537.36 (KHTML, like Gecko) Chrome/71.0.3578.98 Safari/537.36	-	0:0:0:0:0:0:0:1	2210
2019-01-17 11:43:25	500	POST /join HTTP/1.1	Mozilla/5.0 (Macintosh; Intel Mac OS X 10_14_2) AppleWebKit/537.36 (KHTML, like Gecko) Chrome/71.0.3578.98 Safari/537.36	http://localhost:8080/join	0:0:0:0:0:0:0:1	16948
2019-01-17 13:04:49	200	GET /join HTTP/1.1	Mozilla/5.0 (Macintosh; Intel Mac OS X 10_14_2) AppleWebKit/537.36 (KHTML, like Gecko) Chrome/71.0.3578.98 Safari/537.36	-	0:0:0:0:0:0:0:1	2210
2019-01-17 13:04:52	500	POST /join HTTP/1.1	Mozilla/5.0 (Macintosh; Intel Mac OS X 10_14_2) AppleWebKit/537.36 (KHTML, like Gecko) Chrome/71.0.3578.98 Safari/537.36	http://localhost:8080/join	0:0:0:0:0:0:0:1	16948
2019-01-17 13:07:51	200	GET /join HTTP/1.1	Mozilla/5.0 (Macintosh; Intel Mac OS X 10_14_2) AppleWebKit/537.36 (KHTML, like Gecko) Chrome/71.0.3578.98 Safari/537.36	-	0:0:0:0:0:0:0:1	2210
2019-01-17 13:07:53	500	POST /join HTTP/1.1	Mozilla/5.0 (Macintosh; Intel Mac OS X 10_14_2) AppleWebKit/537.36 (KHTML, like Gecko) Chrome/71.0.3578.98 Safari/537.36	http://localhost:8080/join	0:0:0:0:0:0:0:1	16947
2019-01-17 13:12:20	200	GET /join HTTP/1.1	Mozilla/5.0 (Macintosh; Intel Mac OS X 10_14_2) AppleWebKit/537.36 (KHTML, like Gecko) Chrome/71.0.3578.98 Safari/537.36	-	0:0:0:0:0:0:0:1	2210
2019-01-17 13:12:23	500	POST /join HTTP/1.1	Mozilla/5.0 (Macintosh; Intel Mac OS X 10_14_2) AppleWebKit/537.36 (KHTML, like Gecko) Chrome/71.0.3578.98 Safari/537.36	http://localhost:8080/join	0:0:0:0:0:0:0:1	16948
2019-01-17 13:13:40	200	GET /join HTTP/1.1	Mozilla/5.0 (Macintosh; Intel Mac OS X 10_14_2) AppleWebKit/537.36 (KHTML, like Gecko) Chrome/71.0.3578.98 Safari/537.36	-	0:0:0:0:0:0:0:1	2210
2019-01-17 13:13:44	500	POST /join HTTP/1.1	Mozilla/5.0 (Macintosh; Intel Mac OS X 10_14_2) AppleWebKit/537.36 (KHTML, like Gecko) Chrome/71.0.3578.98 Safari/537.36	http://localhost:8080/join	0:0:0:0:0:0:0:1	9063
2019-01-17 13:15:38	200	GET /join HTTP/1.1	Mozilla/5.0 (Macintosh; Intel Mac OS X 10_14_2) AppleWebKit/537.36 (KHTML, like Gecko) Chrome/71.0.3578.98 Safari/537.36	-	0:0:0:0:0:0:0:1	2210
2019-01-17 13:15:45	500	POST /join HTTP/1.1	Mozilla/5.0 (Macintosh; Intel Mac OS X 10_14_2) AppleWebKit/537.36 (KHTML, like Gecko) Chrome/71.0.3578.98 Safari/537.36	http://localhost:8080/join	0:0:0:0:0:0:0:1	16948
2019-01-17 13:16:39	200	GET /join HTTP/1.1	Mozilla/5.0 (Macintosh; Intel Mac OS X 10_14_2) AppleWebKit/537.36 (KHTML, like Gecko) Chrome/71.0.3578.98 Safari/537.36	-	0:0:0:0:0:0:0:1	2210
2019-01-17 13:16:41	500	POST /join HTTP/1.1	Mozilla/5.0 (Macintosh; Intel Mac OS X 10_14_2) AppleWebKit/537.36 (KHTML, like Gecko) Chrome/71.0.3578.98 Safari/537.36	http://localhost:8080/join	0:0:0:0:0:0:0:1	16948
2019-01-17 13:19:31	200	GET /join HTTP/1.1	Mozilla/5.0 (Macintosh; Intel Mac OS X 10_14_2) AppleWebKit/537.36 (KHTML, like Gecko) Chrome/71.0.3578.98 Safari/537.36	-	0:0:0:0:0:0:0:1	2210
2019-01-17 13:19:33	200	POST /join HTTP/1.1	Mozilla/5.0 (Macintosh; Intel Mac OS X 10_14_2) AppleWebKit/537.36 (KHTML, like Gecko) Chrome/71.0.3578.98 Safari/537.36	http://localhost:8080/join	0:0:0:0:0:0:0:1	1857
2019-01-17 13:19:42	200	GET /join HTTP/1.1	Mozilla/5.0 (Macintosh; Intel Mac OS X 10_14_2) AppleWebKit/537.36 (KHTML, like Gecko) Chrome/71.0.3578.98 Safari/537.36	-	0:0:0:0:0:0:0:1	2210
2019-01-17 13:19:48	200	POST /join HTTP/1.1	Mozilla/5.0 (Macintosh; Intel Mac OS X 10_14_2) AppleWebKit/537.36 (KHTML, like Gecko) Chrome/71.0.3578.98 Safari/537.36	http://localhost:8080/join	0:0:0:0:0:0:0:1	1785
2019-01-17 13:30:34	200	GET /join HTTP/1.1	Mozilla/5.0 (Macintosh; Intel Mac OS X 10_14_2) AppleWebKit/537.36 (KHTML, like Gecko) Chrome/71.0.3578.98 Safari/537.36	-	0:0:0:0:0:0:0:1	2965
2019-01-17 13:30:35	404	GET /css/bootstrap/bootstrap.css HTTP/1.1	Mozilla/5.0 (Macintosh; Intel Mac OS X 10_14_2) AppleWebKit/537.36 (KHTML, like Gecko) Chrome/71.0.3578.98 Safari/537.36	http://localhost:8080/join	0:0:0:0:0:0:0:1	142
2019-01-17 13:30:43	404	GET /css/bootstrap/bootstrap.css HTTP/1.1	Mozilla/5.0 (Macintosh; Intel Mac OS X 10_14_2) AppleWebKit/537.36 (KHTML, like Gecko) Chrome/71.0.3578.98 Safari/537.36	http://localhost:8080/join	0:0:0:0:0:0:0:1	142
2019-01-17 13:31:52	404	GET /css/bootstrap/bootstrap.css HTTP/1.1	Mozilla/5.0 (Macintosh; Intel Mac OS X 10_14_2) AppleWebKit/537.36 (KHTML, like Gecko) Chrome/71.0.3578.98 Safari/537.36	-	0:0:0:0:0:0:0:1	306
2019-01-17 13:34:12	200	GET /css/bootstrap/bootstrap.css HTTP/1.1	Mozilla/5.0 (Macintosh; Intel Mac OS X 10_14_2) AppleWebKit/537.36 (KHTML, like Gecko) Chrome/71.0.3578.98 Safari/537.36	-	0:0:0:0:0:0:0:1	188998
2019-01-17 13:34:19	200	GET /join HTTP/1.1	Mozilla/5.0 (Macintosh; Intel Mac OS X 10_14_2) AppleWebKit/537.36 (KHTML, like Gecko) Chrome/71.0.3578.98 Safari/537.36	-	0:0:0:0:0:0:0:1	2965
2019-01-17 13:34:19	200	GET /css/bootstrap/bootstrap.css HTTP/1.1	Mozilla/5.0 (Macintosh; Intel Mac OS X 10_14_2) AppleWebKit/537.36 (KHTML, like Gecko) Chrome/71.0.3578.98 Safari/537.36	http://localhost:8080/join	0:0:0:0:0:0:0:1	188998
2019-01-17 13:34:19	200	GET /join HTTP/1.1	Mozilla/5.0 (Macintosh; Intel Mac OS X 10_14_2) AppleWebKit/537.36 (KHTML, like Gecko) Chrome/71.0.3578.98 Safari/537.36	-	0:0:0:0:0:0:0:1	2965
2019-01-17 13:34:19	200	GET /css/bootstrap/bootstrap.css HTTP/1.1	Mozilla/5.0 (Macintosh; Intel Mac OS X 10_14_2) AppleWebKit/537.36 (KHTML, like Gecko) Chrome/71.0.3578.98 Safari/537.36	http://localhost:8080/join	0:0:0:0:0:0:0:1	188998
2019-01-17 13:36:35	200	GET /join HTTP/1.1	Mozilla/5.0 (Macintosh; Intel Mac OS X 10_14_2) AppleWebKit/537.36 (KHTML, like Gecko) Chrome/71.0.3578.98 Safari/537.36	-	0:0:0:0:0:0:0:1	3017
2019-01-17 13:36:35	200	GET /css/login.css HTTP/1.1	Mozilla/5.0 (Macintosh; Intel Mac OS X 10_14_2) AppleWebKit/537.36 (KHTML, like Gecko) Chrome/71.0.3578.98 Safari/537.36	http://localhost:8080/join	0:0:0:0:0:0:0:1	4009
2019-01-17 13:36:35	200	GET /css/bootstrap/bootstrap.css HTTP/1.1	Mozilla/5.0 (Macintosh; Intel Mac OS X 10_14_2) AppleWebKit/537.36 (KHTML, like Gecko) Chrome/71.0.3578.98 Safari/537.36	http://localhost:8080/join	0:0:0:0:0:0:0:1	188998
2019-01-17 13:44:51	200	GET /join HTTP/1.1	Mozilla/5.0 (Macintosh; Intel Mac OS X 10_14_2) AppleWebKit/537.36 (KHTML, like Gecko) Chrome/71.0.3578.98 Safari/537.36	-	0:0:0:0:0:0:0:1	3784
2019-01-17 13:44:51	200	GET /css/login.css HTTP/1.1	Mozilla/5.0 (Macintosh; Intel Mac OS X 10_14_2) AppleWebKit/537.36 (KHTML, like Gecko) Chrome/71.0.3578.98 Safari/537.36	http://localhost:8080/join	0:0:0:0:0:0:0:1	4009
2019-01-17 13:44:51	200	GET /css/bootstrap/bootstrap.css HTTP/1.1	Mozilla/5.0 (Macintosh; Intel Mac OS X 10_14_2) AppleWebKit/537.36 (KHTML, like Gecko) Chrome/71.0.3578.98 Safari/537.36	http://localhost:8080/join	0:0:0:0:0:0:0:1	188998
2019-01-17 13:49:09	200	GET /join HTTP/1.1	Mozilla/5.0 (Macintosh; Intel Mac OS X 10_14_2) AppleWebKit/537.36 (KHTML, like Gecko) Chrome/71.0.3578.98 Safari/537.36	-	0:0:0:0:0:0:0:1	3679
2019-01-17 13:49:09	200	GET /css/login.css HTTP/1.1	Mozilla/5.0 (Macintosh; Intel Mac OS X 10_14_2) AppleWebKit/537.36 (KHTML, like Gecko) Chrome/71.0.3578.98 Safari/537.36	http://localhost:8080/join	0:0:0:0:0:0:0:1	4039
2019-01-17 13:49:09	200	GET /css/bootstrap/bootstrap.css HTTP/1.1	Mozilla/5.0 (Macintosh; Intel Mac OS X 10_14_2) AppleWebKit/537.36 (KHTML, like Gecko) Chrome/71.0.3578.98 Safari/537.36	http://localhost:8080/join	0:0:0:0:0:0:0:1	188998
2019-01-17 13:49:42	200	GET /css/login.css HTTP/1.1	Mozilla/5.0 (Macintosh; Intel Mac OS X 10_14_2) AppleWebKit/537.36 (KHTML, like Gecko) Chrome/71.0.3578.98 Safari/537.36	http://localhost:8080/join	0:0:0:0:0:0:0:1	4039
2019-01-17 13:49:42	200	GET /css/bootstrap/bootstrap.css HTTP/1.1	Mozilla/5.0 (Macintosh; Intel Mac OS X 10_14_2) AppleWebKit/537.36 (KHTML, like Gecko) Chrome/71.0.3578.98 Safari/537.36	http://localhost:8080/join	0:0:0:0:0:0:0:1	188998
2019-01-17 13:49:42	200	GET /js/bootstrap/bootstrap.js.map HTTP/1.1	Mozilla/5.0 (Macintosh; Intel Mac OS X 10_14_2) AppleWebKit/537.36 (KHTML, like Gecko) Chrome/71.0.3578.98 Safari/537.36	-	0:0:0:0:0:0:0:1	237882
2019-01-17 13:49:42	200	GET /css/bootstrap/bootstrap.css.map HTTP/1.1	Mozilla/5.0 (Macintosh; Intel Mac OS X 10_14_2) AppleWebKit/537.36 (KHTML, like Gecko) Chrome/71.0.3578.98 Safari/537.36	-	0:0:0:0:0:0:0:1	467834
2019-01-17 13:52:35	200	GET /join HTTP/1.1	Mozilla/5.0 (Macintosh; Intel Mac OS X 10_14_2) AppleWebKit/537.36 (KHTML, like Gecko) Chrome/71.0.3578.98 Safari/537.36	-	0:0:0:0:0:0:0:1	3679
2019-01-17 13:52:35	200	GET /css/bootstrap/bootstrap.css HTTP/1.1	Mozilla/5.0 (Macintosh; Intel Mac OS X 10_14_2) AppleWebKit/537.36 (KHTML, like Gecko) Chrome/71.0.3578.98 Safari/537.36	http://localhost:8080/join	0:0:0:0:0:0:0:1	188998
2019-01-17 13:52:35	200	GET /css/login.css HTTP/1.1	Mozilla/5.0 (Macintosh; Intel Mac OS X 10_14_2) AppleWebKit/537.36 (KHTML, like Gecko) Chrome/71.0.3578.98 Safari/537.36	http://localhost:8080/join	0:0:0:0:0:0:0:1	4093
2019-01-17 13:52:35	200	GET /js/bootstrap/bootstrap.js.map HTTP/1.1	Mozilla/5.0 (Macintosh; Intel Mac OS X 10_14_2) AppleWebKit/537.36 (KHTML, like Gecko) Chrome/71.0.3578.98 Safari/537.36	-	0:0:0:0:0:0:0:1	237882
2019-01-17 13:52:35	200	GET /css/bootstrap/bootstrap.css.map HTTP/1.1	Mozilla/5.0 (Macintosh; Intel Mac OS X 10_14_2) AppleWebKit/537.36 (KHTML, like Gecko) Chrome/71.0.3578.98 Safari/537.36	-	0:0:0:0:0:0:0:1	467834
2019-01-17 13:56:28	200	GET /join HTTP/1.1	Mozilla/5.0 (Macintosh; Intel Mac OS X 10_14_2) AppleWebKit/537.36 (KHTML, like Gecko) Chrome/71.0.3578.98 Safari/537.36	-	0:0:0:0:0:0:0:1	3703
2019-01-17 13:56:28	200	GET /css/bootstrap/bootstrap.css HTTP/1.1	Mozilla/5.0 (Macintosh; Intel Mac OS X 10_14_2) AppleWebKit/537.36 (KHTML, like Gecko) Chrome/71.0.3578.98 Safari/537.36	http://localhost:8080/join	0:0:0:0:0:0:0:1	188998
2019-01-17 13:56:28	200	GET /css/login.css HTTP/1.1	Mozilla/5.0 (Macintosh; Intel Mac OS X 10_14_2) AppleWebKit/537.36 (KHTML, like Gecko) Chrome/71.0.3578.98 Safari/537.36	http://localhost:8080/join	0:0:0:0:0:0:0:1	4221
2019-01-17 13:56:28	200	GET /js/bootstrap/bootstrap.js.map HTTP/1.1	Mozilla/5.0 (Macintosh; Intel Mac OS X 10_14_2) AppleWebKit/537.36 (KHTML, like Gecko) Chrome/71.0.3578.98 Safari/537.36	-	0:0:0:0:0:0:0:1	237882
2019-01-17 13:56:28	200	GET /css/bootstrap/bootstrap.css.map HTTP/1.1	Mozilla/5.0 (Macintosh; Intel Mac OS X 10_14_2) AppleWebKit/537.36 (KHTML, like Gecko) Chrome/71.0.3578.98 Safari/537.36	-	0:0:0:0:0:0:0:1	467834
2019-01-17 13:58:53	200	GET /join HTTP/1.1	Mozilla/5.0 (Macintosh; Intel Mac OS X 10_14_2) AppleWebKit/537.36 (KHTML, like Gecko) Chrome/71.0.3578.98 Safari/537.36	-	0:0:0:0:0:0:0:1	3886
2019-01-17 13:58:53	200	GET /css/login.css HTTP/1.1	Mozilla/5.0 (Macintosh; Intel Mac OS X 10_14_2) AppleWebKit/537.36 (KHTML, like Gecko) Chrome/71.0.3578.98 Safari/537.36	http://localhost:8080/join	0:0:0:0:0:0:0:1	4221
2019-01-17 13:58:53	200	GET /css/bootstrap/bootstrap.css HTTP/1.1	Mozilla/5.0 (Macintosh; Intel Mac OS X 10_14_2) AppleWebKit/537.36 (KHTML, like Gecko) Chrome/71.0.3578.98 Safari/537.36	http://localhost:8080/join	0:0:0:0:0:0:0:1	188998
2019-01-17 13:58:53	200	GET /js/bootstrap/bootstrap.js.map HTTP/1.1	Mozilla/5.0 (Macintosh; Intel Mac OS X 10_14_2) AppleWebKit/537.36 (KHTML, like Gecko) Chrome/71.0.3578.98 Safari/537.36	-	0:0:0:0:0:0:0:1	237882
2019-01-17 13:58:53	200	GET /css/bootstrap/bootstrap.css.map HTTP/1.1	Mozilla/5.0 (Macintosh; Intel Mac OS X 10_14_2) AppleWebKit/537.36 (KHTML, like Gecko) Chrome/71.0.3578.98 Safari/537.36	-	0:0:0:0:0:0:0:1	467834
2019-01-17 14:03:13	200	GET /join HTTP/1.1	Mozilla/5.0 (Macintosh; Intel Mac OS X 10_14_2) AppleWebKit/537.36 (KHTML, like Gecko) Chrome/71.0.3578.98 Safari/537.36	-	0:0:0:0:0:0:0:1	4017
2019-01-17 14:03:13	200	GET /css/login.css HTTP/1.1	Mozilla/5.0 (Macintosh; Intel Mac OS X 10_14_2) AppleWebKit/537.36 (KHTML, like Gecko) Chrome/71.0.3578.98 Safari/537.36	http://localhost:8080/join	0:0:0:0:0:0:0:1	4047
2019-01-17 14:03:13	200	GET /css/bootstrap/bootstrap.css HTTP/1.1	Mozilla/5.0 (Macintosh; Intel Mac OS X 10_14_2) AppleWebKit/537.36 (KHTML, like Gecko) Chrome/71.0.3578.98 Safari/537.36	http://localhost:8080/join	0:0:0:0:0:0:0:1	188998
2019-01-17 14:03:13	200	GET /js/bootstrap/bootstrap.js.map HTTP/1.1	Mozilla/5.0 (Macintosh; Intel Mac OS X 10_14_2) AppleWebKit/537.36 (KHTML, like Gecko) Chrome/71.0.3578.98 Safari/537.36	-	0:0:0:0:0:0:0:1	237882
2019-01-17 14:03:13	200	GET /css/bootstrap/bootstrap.css.map HTTP/1.1	Mozilla/5.0 (Macintosh; Intel Mac OS X 10_14_2) AppleWebKit/537.36 (KHTML, like Gecko) Chrome/71.0.3578.98 Safari/537.36	-	0:0:0:0:0:0:0:1	467834
2019-01-17 14:08:39	200	GET /join HTTP/1.1	Mozilla/5.0 (Macintosh; Intel Mac OS X 10_14_2) AppleWebKit/537.36 (KHTML, like Gecko) Chrome/71.0.3578.98 Safari/537.36	-	0:0:0:0:0:0:0:1	3323
2019-01-17 14:08:39	200	GET /css/login.css HTTP/1.1	Mozilla/5.0 (Macintosh; Intel Mac OS X 10_14_2) AppleWebKit/537.36 (KHTML, like Gecko) Chrome/71.0.3578.98 Safari/537.36	http://localhost:8080/join	0:0:0:0:0:0:0:1	4047
2019-01-17 14:08:39	200	GET /css/bootstrap/bootstrap.css HTTP/1.1	Mozilla/5.0 (Macintosh; Intel Mac OS X 10_14_2) AppleWebKit/537.36 (KHTML, like Gecko) Chrome/71.0.3578.98 Safari/537.36	http://localhost:8080/join	0:0:0:0:0:0:0:1	188998
2019-01-17 14:08:39	200	GET /js/bootstrap/bootstrap.js.map HTTP/1.1	Mozilla/5.0 (Macintosh; Intel Mac OS X 10_14_2) AppleWebKit/537.36 (KHTML, like Gecko) Chrome/71.0.3578.98 Safari/537.36	-	0:0:0:0:0:0:0:1	237882
2019-01-17 14:08:39	200	GET /css/bootstrap/bootstrap.css.map HTTP/1.1	Mozilla/5.0 (Macintosh; Intel Mac OS X 10_14_2) AppleWebKit/537.36 (KHTML, like Gecko) Chrome/71.0.3578.98 Safari/537.36	-	0:0:0:0:0:0:0:1	467834
2019-01-17 14:08:46	200	POST /join HTTP/1.1	Mozilla/5.0 (Macintosh; Intel Mac OS X 10_14_2) AppleWebKit/537.36 (KHTML, like Gecko) Chrome/71.0.3578.98 Safari/537.36	http://localhost:8080/join	0:0:0:0:0:0:0:1	1770
2019-01-17 14:12:27	200	GET /join HTTP/1.1	Mozilla/5.0 (Macintosh; Intel Mac OS X 10_14_2) AppleWebKit/537.36 (KHTML, like Gecko) Chrome/71.0.3578.98 Safari/537.36	-	0:0:0:0:0:0:0:1	3586
2019-01-17 14:12:27	200	GET /css/login.css HTTP/1.1	Mozilla/5.0 (Macintosh; Intel Mac OS X 10_14_2) AppleWebKit/537.36 (KHTML, like Gecko) Chrome/71.0.3578.98 Safari/537.36	http://localhost:8080/join	0:0:0:0:0:0:0:1	4047
2019-01-17 14:12:27	200	GET /css/bootstrap/bootstrap.css HTTP/1.1	Mozilla/5.0 (Macintosh; Intel Mac OS X 10_14_2) AppleWebKit/537.36 (KHTML, like Gecko) Chrome/71.0.3578.98 Safari/537.36	http://localhost:8080/join	0:0:0:0:0:0:0:1	188998
2019-01-17 14:12:27	200	GET /js/bootstrap/bootstrap.js.map HTTP/1.1	Mozilla/5.0 (Macintosh; Intel Mac OS X 10_14_2) AppleWebKit/537.36 (KHTML, like Gecko) Chrome/71.0.3578.98 Safari/537.36	-	0:0:0:0:0:0:0:1	237882
2019-01-17 14:12:27	200	GET /css/bootstrap/bootstrap.css.map HTTP/1.1	Mozilla/5.0 (Macintosh; Intel Mac OS X 10_14_2) AppleWebKit/537.36 (KHTML, like Gecko) Chrome/71.0.3578.98 Safari/537.36	-	0:0:0:0:0:0:0:1	467834
2019-01-17 14:13:05	200	POST /join HTTP/1.1	Mozilla/5.0 (Macintosh; Intel Mac OS X 10_14_2) AppleWebKit/537.36 (KHTML, like Gecko) Chrome/71.0.3578.98 Safari/537.36	http://localhost:8080/join	0:0:0:0:0:0:0:1	1813
2019-01-17 14:13:08	200	GET /join HTTP/1.1	Mozilla/5.0 (Macintosh; Intel Mac OS X 10_14_2) AppleWebKit/537.36 (KHTML, like Gecko) Chrome/71.0.3578.98 Safari/537.36	-	0:0:0:0:0:0:0:1	3586
2019-01-17 14:13:08	200	GET /css/login.css HTTP/1.1	Mozilla/5.0 (Macintosh; Intel Mac OS X 10_14_2) AppleWebKit/537.36 (KHTML, like Gecko) Chrome/71.0.3578.98 Safari/537.36	http://localhost:8080/join	0:0:0:0:0:0:0:1	4047
2019-01-17 14:13:08	200	GET /css/bootstrap/bootstrap.css HTTP/1.1	Mozilla/5.0 (Macintosh; Intel Mac OS X 10_14_2) AppleWebKit/537.36 (KHTML, like Gecko) Chrome/71.0.3578.98 Safari/537.36	http://localhost:8080/join	0:0:0:0:0:0:0:1	188998
2019-01-17 14:13:08	200	GET /js/bootstrap/bootstrap.js.map HTTP/1.1	Mozilla/5.0 (Macintosh; Intel Mac OS X 10_14_2) AppleWebKit/537.36 (KHTML, like Gecko) Chrome/71.0.3578.98 Safari/537.36	-	0:0:0:0:0:0:0:1	237882
2019-01-17 14:13:08	200	GET /css/bootstrap/bootstrap.css.map HTTP/1.1	Mozilla/5.0 (Macintosh; Intel Mac OS X 10_14_2) AppleWebKit/537.36 (KHTML, like Gecko) Chrome/71.0.3578.98 Safari/537.36	-	0:0:0:0:0:0:0:1	467834
2019-01-17 17:11:56	200	GET /join HTTP/1.1	Mozilla/5.0 (Macintosh; Intel Mac OS X 10_14_2) AppleWebKit/537.36 (KHTML, like Gecko) Chrome/71.0.3578.98 Safari/537.36	-	0:0:0:0:0:0:0:1	3586
2019-01-17 17:11:56	200	GET /css/login.css HTTP/1.1	Mozilla/5.0 (Macintosh; Intel Mac OS X 10_14_2) AppleWebKit/537.36 (KHTML, like Gecko) Chrome/71.0.3578.98 Safari/537.36	http://localhost:8080/join	0:0:0:0:0:0:0:1	3938
2019-01-17 17:11:56	200	GET /css/bootstrap/bootstrap.css HTTP/1.1	Mozilla/5.0 (Macintosh; Intel Mac OS X 10_14_2) AppleWebKit/537.36 (KHTML, like Gecko) Chrome/71.0.3578.98 Safari/537.36	http://localhost:8080/join	0:0:0:0:0:0:0:1	188998
2019-01-17 17:11:56	200	GET /js/bootstrap/bootstrap.js.map HTTP/1.1	Mozilla/5.0 (Macintosh; Intel Mac OS X 10_14_2) AppleWebKit/537.36 (KHTML, like Gecko) Chrome/71.0.3578.98 Safari/537.36	-	0:0:0:0:0:0:0:1	237882
2019-01-17 17:11:56	200	GET /img/bg.jpg HTTP/1.1	Mozilla/5.0 (Macintosh; Intel Mac OS X 10_14_2) AppleWebKit/537.36 (KHTML, like Gecko) Chrome/71.0.3578.98 Safari/537.36	http://localhost:8080/css/login.css	0:0:0:0:0:0:0:1	1243868
2019-01-17 17:11:56	200	GET /css/bootstrap/bootstrap.css.map HTTP/1.1	Mozilla/5.0 (Macintosh; Intel Mac OS X 10_14_2) AppleWebKit/537.36 (KHTML, like Gecko) Chrome/71.0.3578.98 Safari/537.36	-	0:0:0:0:0:0:0:1	467834
